
*** Running vivado
    with args -log stimulus_for_Crossbar4.vdi -applog -m64 -product Vivado -messageDb vivado.pb -mode batch -source stimulus_for_Crossbar4.tcl -notrace



****** Vivado v2020.1 (64-bit)
  **** SW Build 2902540 on Wed May 27 19:54:49 MDT 2020
  **** IP Build 2902112 on Wed May 27 22:43:36 MDT 2020
    ** Copyright 1986-2020 Xilinx, Inc. All Rights Reserved.

source stimulus_for_Crossbar4.tcl -notrace
Command: link_design -top stimulus_for_Crossbar4 -part xc7a35ticsg324-1L
Design is defaulting to srcset: sources_1
Design is defaulting to constrset: constrs_1
INFO: [Device 21-403] Loading part xc7a35ticsg324-1L
Netlist sorting complete. Time (s): cpu = 00:00:00 ; elapsed = 00:00:00.015 . Memory (MB): peak = 1024.406 ; gain = 0.000
INFO: [Netlist 29-17] Analyzing 8 Unisim elements for replacement
INFO: [Netlist 29-28] Unisim Transformation completed in 0 CPU seconds
INFO: [Project 1-479] Netlist was created with Vivado 2020.1
INFO: [Project 1-570] Preparing netlist for logic optimization
Parsing XDC File [D:/HDL/CrossbarSwitch_dim4/CrossbarSwitch_dim4.srcs/constrs_1/new/crossbar_constraints.xdc]
Finished Parsing XDC File [D:/HDL/CrossbarSwitch_dim4/CrossbarSwitch_dim4.srcs/constrs_1/new/crossbar_constraints.xdc]
INFO: [Opt 31-138] Pushed 0 inverter(s) to 0 load pin(s).
Netlist sorting complete. Time (s): cpu = 00:00:00 ; elapsed = 00:00:00 . Memory (MB): peak = 1024.406 ; gain = 0.000
INFO: [Project 1-111] Unisim Transformation Summary:
No Unisim elements were transformed.

7 Infos, 0 Warnings, 0 Critical Warnings and 0 Errors encountered.
link_design completed successfully
link_design: Time (s): cpu = 00:00:07 ; elapsed = 00:00:08 . Memory (MB): peak = 1024.406 ; gain = 0.000
Command: opt_design
Attempting to get a license for feature 'Implementation' and/or device 'xc7a35ti'
INFO: [Common 17-349] Got license for feature 'Implementation' and/or device 'xc7a35ti'
Running DRC as a precondition to command opt_design

Starting DRC Task
INFO: [DRC 23-27] Running DRC with 2 threads
INFO: [Project 1-461] DRC finished with 0 Errors
INFO: [Project 1-462] Please refer to the DRC report (report_drc) for more information.

Time (s): cpu = 00:00:01 ; elapsed = 00:00:01 . Memory (MB): peak = 1024.406 ; gain = 0.000

Starting Cache Timing Information Task
INFO: [Timing 38-35] Done setting XDC timing constraints.
Ending Cache Timing Information Task | Checksum: 129656250

Time (s): cpu = 00:00:10 ; elapsed = 00:00:10 . Memory (MB): peak = 1329.945 ; gain = 305.539

Starting Logic Optimization Task

Phase 1 Retarget
INFO: [Opt 31-138] Pushed 0 inverter(s) to 0 load pin(s).
INFO: [Opt 31-49] Retargeted 0 cell(s).
Phase 1 Retarget | Checksum: 129656250

Time (s): cpu = 00:00:00 ; elapsed = 00:00:00.084 . Memory (MB): peak = 1532.402 ; gain = 0.000
INFO: [Opt 31-389] Phase Retarget created 0 cells and removed 0 cells
INFO: [Opt 31-1021] In phase Retarget, 16 netlist objects are constrained preventing optimization. Please run opt_design with -debug_log to get more detail. 

Phase 2 Constant propagation
INFO: [Opt 31-138] Pushed 0 inverter(s) to 0 load pin(s).
Phase 2 Constant propagation | Checksum: 129656250

Time (s): cpu = 00:00:00 ; elapsed = 00:00:00.099 . Memory (MB): peak = 1532.402 ; gain = 0.000
INFO: [Opt 31-389] Phase Constant propagation created 0 cells and removed 0 cells
INFO: [Opt 31-1021] In phase Constant propagation, 8 netlist objects are constrained preventing optimization. Please run opt_design with -debug_log to get more detail. 

Phase 3 Sweep
Phase 3 Sweep | Checksum: 115138ebf

Time (s): cpu = 00:00:00 ; elapsed = 00:00:00.204 . Memory (MB): peak = 1532.402 ; gain = 0.000
INFO: [Opt 31-389] Phase Sweep created 0 cells and removed 0 cells
INFO: [Opt 31-1021] In phase Sweep, 61 netlist objects are constrained preventing optimization. Please run opt_design with -debug_log to get more detail. 

Phase 4 BUFG optimization
Phase 4 BUFG optimization | Checksum: 115138ebf

Time (s): cpu = 00:00:00 ; elapsed = 00:00:00.225 . Memory (MB): peak = 1532.402 ; gain = 0.000
INFO: [Opt 31-662] Phase BUFG optimization created 0 cells of which 0 are BUFGs and removed 0 cells.

Phase 5 Shift Register Optimization
INFO: [Opt 31-1064] SRL Remap converted 0 SRLs to 0 registers and converted 0 registers of register chains to 0 SRLs
Phase 5 Shift Register Optimization | Checksum: 115138ebf

Time (s): cpu = 00:00:00 ; elapsed = 00:00:00.237 . Memory (MB): peak = 1532.402 ; gain = 0.000
INFO: [Opt 31-389] Phase Shift Register Optimization created 0 cells and removed 0 cells

Phase 6 Post Processing Netlist
Phase 6 Post Processing Netlist | Checksum: 115138ebf

Time (s): cpu = 00:00:00 ; elapsed = 00:00:00.245 . Memory (MB): peak = 1532.402 ; gain = 0.000
INFO: [Opt 31-389] Phase Post Processing Netlist created 0 cells and removed 0 cells
INFO: [Opt 31-1021] In phase Post Processing Netlist, 8 netlist objects are constrained preventing optimization. Please run opt_design with -debug_log to get more detail. 
Opt_design Change Summary
=========================


-------------------------------------------------------------------------------------------------------------------------
|  Phase                        |  #Cells created  |  #Cells Removed  |  #Constrained objects preventing optimizations  |
-------------------------------------------------------------------------------------------------------------------------
|  Retarget                     |               0  |               0  |                                             16  |
|  Constant propagation         |               0  |               0  |                                              8  |
|  Sweep                        |               0  |               0  |                                             61  |
|  BUFG optimization            |               0  |               0  |                                              0  |
|  Shift Register Optimization  |               0  |               0  |                                              0  |
|  Post Processing Netlist      |               0  |               0  |                                              8  |
-------------------------------------------------------------------------------------------------------------------------



Starting Connectivity Check Task

Time (s): cpu = 00:00:00 ; elapsed = 00:00:00.002 . Memory (MB): peak = 1532.402 ; gain = 0.000
Ending Logic Optimization Task | Checksum: 1905e18a8

Time (s): cpu = 00:00:00 ; elapsed = 00:00:00.252 . Memory (MB): peak = 1532.402 ; gain = 0.000

Starting Power Optimization Task
INFO: [Pwropt 34-132] Skipping clock gating for clocks with a period < 2.00 ns.
Ending Power Optimization Task | Checksum: 1905e18a8

Time (s): cpu = 00:00:00 ; elapsed = 00:00:00.028 . Memory (MB): peak = 1532.402 ; gain = 0.000

Starting Final Cleanup Task
Ending Final Cleanup Task | Checksum: 1905e18a8

Time (s): cpu = 00:00:00 ; elapsed = 00:00:00 . Memory (MB): peak = 1532.402 ; gain = 0.000

Starting Netlist Obfuscation Task
Netlist sorting complete. Time (s): cpu = 00:00:00 ; elapsed = 00:00:00.001 . Memory (MB): peak = 1532.402 ; gain = 0.000
Ending Netlist Obfuscation Task | Checksum: 1905e18a8

Time (s): cpu = 00:00:00 ; elapsed = 00:00:00.001 . Memory (MB): peak = 1532.402 ; gain = 0.000
INFO: [Common 17-83] Releasing license: Implementation
28 Infos, 0 Warnings, 0 Critical Warnings and 0 Errors encountered.
opt_design completed successfully
opt_design: Time (s): cpu = 00:00:14 ; elapsed = 00:00:14 . Memory (MB): peak = 1532.402 ; gain = 507.996
INFO: [Timing 38-480] Writing timing data to binary archive.
Writing placer database...
Writing XDEF routing.
Writing XDEF routing logical nets.
Writing XDEF routing special nets.
Write XDEF Complete: Time (s): cpu = 00:00:00 ; elapsed = 00:00:00.042 . Memory (MB): peak = 1532.402 ; gain = 0.000
INFO: [Common 17-1381] The checkpoint 'D:/HDL/CrossbarSwitch_dim4/CrossbarSwitch_dim4.runs/impl_1/stimulus_for_Crossbar4_opt.dcp' has been generated.
INFO: [runtcl-4] Executing : report_drc -file stimulus_for_Crossbar4_drc_opted.rpt -pb stimulus_for_Crossbar4_drc_opted.pb -rpx stimulus_for_Crossbar4_drc_opted.rpx
Command: report_drc -file stimulus_for_Crossbar4_drc_opted.rpt -pb stimulus_for_Crossbar4_drc_opted.pb -rpx stimulus_for_Crossbar4_drc_opted.rpx
INFO: [IP_Flow 19-234] Refreshing IP repositories
INFO: [IP_Flow 19-1704] No user IP repositories specified
INFO: [IP_Flow 19-2313] Loaded Vivado IP repository 'C:/Xilinx/Vivado/2020.1/data/ip'.
INFO: [DRC 23-27] Running DRC with 2 threads
INFO: [Coretcl 2-168] The results of DRC are in file D:/HDL/CrossbarSwitch_dim4/CrossbarSwitch_dim4.runs/impl_1/stimulus_for_Crossbar4_drc_opted.rpt.
report_drc completed successfully
Command: place_design
Attempting to get a license for feature 'Implementation' and/or device 'xc7a35ti'
INFO: [Common 17-349] Got license for feature 'Implementation' and/or device 'xc7a35ti'
INFO: [DRC 23-27] Running DRC with 2 threads
INFO: [Vivado_Tcl 4-198] DRC finished with 0 Errors
INFO: [Vivado_Tcl 4-199] Please refer to the DRC report (report_drc) for more information.
Running DRC as a precondition to command place_design
INFO: [DRC 23-27] Running DRC with 2 threads
INFO: [Vivado_Tcl 4-198] DRC finished with 0 Errors
INFO: [Vivado_Tcl 4-199] Please refer to the DRC report (report_drc) for more information.

Starting Placer Task
INFO: [Place 30-611] Multithreading enabled for place_design using a maximum of 2 CPUs

Phase 1 Placer Initialization

Phase 1.1 Placer Initialization Netlist Sorting
Netlist sorting complete. Time (s): cpu = 00:00:00 ; elapsed = 00:00:00 . Memory (MB): peak = 1532.402 ; gain = 0.000
Phase 1.1 Placer Initialization Netlist Sorting | Checksum: d5fa37bd

Time (s): cpu = 00:00:00 ; elapsed = 00:00:00.017 . Memory (MB): peak = 1532.402 ; gain = 0.000
Netlist sorting complete. Time (s): cpu = 00:00:00 ; elapsed = 00:00:00.001 . Memory (MB): peak = 1532.402 ; gain = 0.000

Phase 1.2 IO Placement/ Clock Placement/ Build Placer Device
INFO: [Timing 38-35] Done setting XDC timing constraints.
Phase 1.2 IO Placement/ Clock Placement/ Build Placer Device | Checksum: 743014fc

Time (s): cpu = 00:00:01 ; elapsed = 00:00:01 . Memory (MB): peak = 1532.402 ; gain = 0.000

Phase 1.3 Build Placer Netlist Model
Phase 1.3 Build Placer Netlist Model | Checksum: 152227d24

Time (s): cpu = 00:00:02 ; elapsed = 00:00:01 . Memory (MB): peak = 1532.402 ; gain = 0.000

Phase 1.4 Constrain Clocks/Macros
Phase 1.4 Constrain Clocks/Macros | Checksum: 152227d24

Time (s): cpu = 00:00:02 ; elapsed = 00:00:01 . Memory (MB): peak = 1532.402 ; gain = 0.000
Phase 1 Placer Initialization | Checksum: 152227d24

Time (s): cpu = 00:00:02 ; elapsed = 00:00:01 . Memory (MB): peak = 1532.402 ; gain = 0.000

Phase 2 Global Placement

Phase 2.1 Floorplanning
Phase 2.1 Floorplanning | Checksum: b3eb5558

Time (s): cpu = 00:00:02 ; elapsed = 00:00:02 . Memory (MB): peak = 1532.402 ; gain = 0.000

Phase 2.2 Global Placement Core

Phase 2.2.1 Physical Synthesis In Placer
INFO: [Physopt 32-1035] Found 0 LUTNM shape to break, 60 LUT instances to create LUTNM shape
INFO: [Physopt 32-1044] Break lutnm for timing: one critical 0, two critical 0, total 0, new lutff created 0
INFO: [Physopt 32-775] End 1 Pass. Optimized 20 nets or cells. Created 0 new cell, deleted 20 existing cells and moved 0 existing cell
INFO: [Physopt 32-65] No nets found for high-fanout optimization.
INFO: [Physopt 32-232] Optimized 0 net. Created 0 new instance.
INFO: [Physopt 32-775] End 1 Pass. Optimized 0 net or cell. Created 0 new cell, deleted 0 existing cell and moved 0 existing cell
INFO: [Physopt 32-456] No candidate cells for DSP register optimization found in the design.
INFO: [Physopt 32-775] End 2 Pass. Optimized 0 net or cell. Created 0 new cell, deleted 0 existing cell and moved 0 existing cell
INFO: [Physopt 32-1123] No candidate cells found for Shift Register to Pipeline optimization
INFO: [Physopt 32-775] End 1 Pass. Optimized 0 net or cell. Created 0 new cell, deleted 0 existing cell and moved 0 existing cell
INFO: [Physopt 32-677] No candidate cells for Shift Register optimization found in the design
INFO: [Physopt 32-775] End 1 Pass. Optimized 0 net or cell. Created 0 new cell, deleted 0 existing cell and moved 0 existing cell
INFO: [Physopt 32-526] No candidate cells for BRAM register optimization found in the design
INFO: [Physopt 32-775] End 1 Pass. Optimized 0 net or cell. Created 0 new cell, deleted 0 existing cell and moved 0 existing cell
INFO: [Physopt 32-846] No candidate cells for URAM register optimization found in the design
INFO: [Physopt 32-775] End 2 Pass. Optimized 0 net or cell. Created 0 new cell, deleted 0 existing cell and moved 0 existing cell
INFO: [Physopt 32-949] No candidate nets found for HD net replication
INFO: [Physopt 32-775] End 1 Pass. Optimized 0 net or cell. Created 0 new cell, deleted 0 existing cell and moved 0 existing cell
Netlist sorting complete. Time (s): cpu = 00:00:00 ; elapsed = 00:00:00 . Memory (MB): peak = 1532.402 ; gain = 0.000

Summary of Physical Synthesis Optimizations
============================================


-----------------------------------------------------------------------------------------------------------------------------------------------------------
|  Optimization                                     |  Added Cells  |  Removed Cells  |  Optimized Cells/Nets  |  Dont Touch  |  Iterations  |  Elapsed   |
-----------------------------------------------------------------------------------------------------------------------------------------------------------
|  LUT Combining                                    |            0  |             20  |                    20  |           0  |           1  |  00:00:00  |
|  Very High Fanout                                 |            0  |              0  |                     0  |           0  |           1  |  00:00:00  |
|  DSP Register                                     |            0  |              0  |                     0  |           0  |           1  |  00:00:00  |
|  Shift Register to Pipeline                       |            0  |              0  |                     0  |           0  |           1  |  00:00:00  |
|  Shift Register                                   |            0  |              0  |                     0  |           0  |           1  |  00:00:00  |
|  BRAM Register                                    |            0  |              0  |                     0  |           0  |           1  |  00:00:00  |
|  URAM Register                                    |            0  |              0  |                     0  |           0  |           1  |  00:00:00  |
|  Dynamic/Static Region Interface Net Replication  |            0  |              0  |                     0  |           0  |           1  |  00:00:00  |
|  Total                                            |            0  |             20  |                    20  |           0  |           8  |  00:00:00  |
-----------------------------------------------------------------------------------------------------------------------------------------------------------


Phase 2.2.1 Physical Synthesis In Placer | Checksum: b8e0ab62

Time (s): cpu = 00:00:06 ; elapsed = 00:00:04 . Memory (MB): peak = 1532.402 ; gain = 0.000
Phase 2.2 Global Placement Core | Checksum: 13d859c95

Time (s): cpu = 00:00:06 ; elapsed = 00:00:04 . Memory (MB): peak = 1532.402 ; gain = 0.000
Phase 2 Global Placement | Checksum: 13d859c95

Time (s): cpu = 00:00:06 ; elapsed = 00:00:04 . Memory (MB): peak = 1532.402 ; gain = 0.000

Phase 3 Detail Placement

Phase 3.1 Commit Multi Column Macros
Phase 3.1 Commit Multi Column Macros | Checksum: c589c592

Time (s): cpu = 00:00:06 ; elapsed = 00:00:04 . Memory (MB): peak = 1532.402 ; gain = 0.000

Phase 3.2 Commit Most Macros & LUTRAMs
Phase 3.2 Commit Most Macros & LUTRAMs | Checksum: 113823d72

Time (s): cpu = 00:00:07 ; elapsed = 00:00:04 . Memory (MB): peak = 1532.402 ; gain = 0.000

Phase 3.3 Area Swap Optimization
Phase 3.3 Area Swap Optimization | Checksum: 15320acae

Time (s): cpu = 00:00:07 ; elapsed = 00:00:04 . Memory (MB): peak = 1532.402 ; gain = 0.000

Phase 3.4 Pipeline Register Optimization
Phase 3.4 Pipeline Register Optimization | Checksum: d23e96b9

Time (s): cpu = 00:00:07 ; elapsed = 00:00:04 . Memory (MB): peak = 1532.402 ; gain = 0.000

Phase 3.5 Fast Optimization
Phase 3.5 Fast Optimization | Checksum: 1396cdae3

Time (s): cpu = 00:00:07 ; elapsed = 00:00:04 . Memory (MB): peak = 1532.402 ; gain = 0.000

Phase 3.6 Small Shape Detail Placement
Phase 3.6 Small Shape Detail Placement | Checksum: 15d1046dc

Time (s): cpu = 00:00:07 ; elapsed = 00:00:05 . Memory (MB): peak = 1532.402 ; gain = 0.000

Phase 3.7 Re-assign LUT pins
Phase 3.7 Re-assign LUT pins | Checksum: 1a8a06668

Time (s): cpu = 00:00:07 ; elapsed = 00:00:05 . Memory (MB): peak = 1532.402 ; gain = 0.000

Phase 3.8 Pipeline Register Optimization
Phase 3.8 Pipeline Register Optimization | Checksum: 1257a7c53

Time (s): cpu = 00:00:07 ; elapsed = 00:00:05 . Memory (MB): peak = 1532.402 ; gain = 0.000

Phase 3.9 Fast Optimization
Phase 3.9 Fast Optimization | Checksum: 117cc4415

Time (s): cpu = 00:00:08 ; elapsed = 00:00:05 . Memory (MB): peak = 1532.402 ; gain = 0.000
Phase 3 Detail Placement | Checksum: 117cc4415

Time (s): cpu = 00:00:08 ; elapsed = 00:00:05 . Memory (MB): peak = 1532.402 ; gain = 0.000

Phase 4 Post Placement Optimization and Clean-Up

Phase 4.1 Post Commit Optimization
INFO: [Timing 38-35] Done setting XDC timing constraints.

Phase 4.1.1 Post Placement Optimization
Post Placement Optimization Initialization | Checksum: 267e222b1

Phase 4.1.1.1 BUFG Insertion

Starting Physical Synthesis Task

Phase 1 Physical Synthesis Initialization
INFO: [Physopt 32-721] Multithreading enabled for phys_opt_design using a maximum of 2 CPUs
INFO: [Physopt 32-619] Estimated Timing Summary | WNS=-0.226 | TNS=-0.545 |
Phase 1 Physical Synthesis Initialization | Checksum: 26240101e

Time (s): cpu = 00:00:00 ; elapsed = 00:00:00.032 . Memory (MB): peak = 1541.715 ; gain = 0.000
INFO: [Place 46-56] BUFG insertion identified 0 candidate nets. Inserted BUFG: 0, Replicated BUFG Driver: 0, Skipped due to Placement/Routing Conflicts: 0, Skipped due to Timing Degradation: 0, Skipped due to Illegal Netlist: 0.
Ending Physical Synthesis Task | Checksum: 2634875a4

Time (s): cpu = 00:00:00 ; elapsed = 00:00:00.035 . Memory (MB): peak = 1541.715 ; gain = 0.000
Phase 4.1.1.1 BUFG Insertion | Checksum: 267e222b1

Time (s): cpu = 00:00:08 ; elapsed = 00:00:05 . Memory (MB): peak = 1541.715 ; gain = 9.313
INFO: [Place 30-746] Post Placement Timing Summary WNS=-0.040. For the most accurate timing information please run report_timing.
Phase 4.1.1 Post Placement Optimization | Checksum: 16f4d1275

Time (s): cpu = 00:00:09 ; elapsed = 00:00:06 . Memory (MB): peak = 1541.715 ; gain = 9.313
Phase 4.1 Post Commit Optimization | Checksum: 16f4d1275

Time (s): cpu = 00:00:09 ; elapsed = 00:00:06 . Memory (MB): peak = 1541.715 ; gain = 9.313

Phase 4.2 Post Placement Cleanup
Phase 4.2 Post Placement Cleanup | Checksum: 16f4d1275

Time (s): cpu = 00:00:09 ; elapsed = 00:00:06 . Memory (MB): peak = 1541.715 ; gain = 9.313

Phase 4.3 Placer Reporting
Phase 4.3 Placer Reporting | Checksum: 16f4d1275

Time (s): cpu = 00:00:09 ; elapsed = 00:00:06 . Memory (MB): peak = 1541.715 ; gain = 9.313

Phase 4.4 Final Placement Cleanup
Netlist sorting complete. Time (s): cpu = 00:00:00 ; elapsed = 00:00:00.001 . Memory (MB): peak = 1541.715 ; gain = 0.000
Phase 4.4 Final Placement Cleanup | Checksum: 14ea9fede

Time (s): cpu = 00:00:09 ; elapsed = 00:00:06 . Memory (MB): peak = 1541.715 ; gain = 9.313
Phase 4 Post Placement Optimization and Clean-Up | Checksum: 14ea9fede

Time (s): cpu = 00:00:09 ; elapsed = 00:00:06 . Memory (MB): peak = 1541.715 ; gain = 9.313
Ending Placer Task | Checksum: 13c21ef60

Time (s): cpu = 00:00:09 ; elapsed = 00:00:06 . Memory (MB): peak = 1541.715 ; gain = 9.313
INFO: [Common 17-83] Releasing license: Implementation
69 Infos, 0 Warnings, 0 Critical Warnings and 0 Errors encountered.
place_design completed successfully
place_design: Time (s): cpu = 00:00:11 ; elapsed = 00:00:07 . Memory (MB): peak = 1541.715 ; gain = 9.313
INFO: [Timing 38-480] Writing timing data to binary archive.
Writing placer database...
Writing XDEF routing.
Writing XDEF routing logical nets.
Writing XDEF routing special nets.
Write XDEF Complete: Time (s): cpu = 00:00:00 ; elapsed = 00:00:00.086 . Memory (MB): peak = 1541.773 ; gain = 0.059
INFO: [Common 17-1381] The checkpoint 'D:/HDL/CrossbarSwitch_dim4/CrossbarSwitch_dim4.runs/impl_1/stimulus_for_Crossbar4_placed.dcp' has been generated.
INFO: [runtcl-4] Executing : report_io -file stimulus_for_Crossbar4_io_placed.rpt
report_io: Time (s): cpu = 00:00:00 ; elapsed = 00:00:00.045 . Memory (MB): peak = 1541.773 ; gain = 0.000
INFO: [runtcl-4] Executing : report_utilization -file stimulus_for_Crossbar4_utilization_placed.rpt -pb stimulus_for_Crossbar4_utilization_placed.pb
INFO: [runtcl-4] Executing : report_control_sets -verbose -file stimulus_for_Crossbar4_control_sets_placed.rpt
report_control_sets: Time (s): cpu = 00:00:00 ; elapsed = 00:00:00.002 . Memory (MB): peak = 1541.773 ; gain = 0.000
Command: phys_opt_design
Attempting to get a license for feature 'Implementation' and/or device 'xc7a35ti'
INFO: [Common 17-349] Got license for feature 'Implementation' and/or device 'xc7a35ti'
Netlist sorting complete. Time (s): cpu = 00:00:00 ; elapsed = 00:00:00.001 . Memory (MB): peak = 1556.266 ; gain = 0.000

Starting Physical Synthesis Task

Phase 1 Physical Synthesis Initialization
INFO: [Physopt 32-721] Multithreading enabled for phys_opt_design using a maximum of 2 CPUs
INFO: [Physopt 32-619] Estimated Timing Summary | WNS=-0.040 | TNS=-0.076 |
Phase 1 Physical Synthesis Initialization | Checksum: 1a90ff647

Time (s): cpu = 00:00:02 ; elapsed = 00:00:01 . Memory (MB): peak = 1556.266 ; gain = 0.000
INFO: [Physopt 32-619] Estimated Timing Summary | WNS=-0.040 | TNS=-0.076 |

Phase 2 DSP Register Optimization
INFO: [Physopt 32-456] No candidate cells for DSP register optimization found in the design.
INFO: [Physopt 32-775] End 2 Pass. Optimized 0 net or cell. Created 0 new cell, deleted 0 existing cell and moved 0 existing cell
Phase 2 DSP Register Optimization | Checksum: 1a90ff647

Time (s): cpu = 00:00:02 ; elapsed = 00:00:01 . Memory (MB): peak = 1556.266 ; gain = 0.000

Phase 3 Critical Path Optimization
INFO: [Physopt 32-619] Estimated Timing Summary | WNS=-0.040 | TNS=-0.076 |
INFO: [Physopt 32-712] Optimization is not feasible on net req_OBUF[2] due to MARK_DEBUG attribute.
INFO: [Physopt 32-662] Processed net req_OBUF[2].  Did not re-place instance req_reg[2]
INFO: [Physopt 32-712] Optimization is not feasible on net req_OBUF[2] due to MARK_DEBUG attribute.
INFO: [Physopt 32-712] Optimization is not feasible on net req_OBUF[2] due to MARK_DEBUG attribute.
INFO: [Physopt 32-712] Optimization is not feasible on net req_OBUF[2] due to MARK_DEBUG attribute.
INFO: [Physopt 32-712] Optimization is not feasible on net req_OBUF[2] due to MARK_DEBUG attribute.
INFO: [Physopt 32-712] Optimization is not feasible on net req_OBUF[2] due to MARK_DEBUG attribute.
INFO: [Physopt 32-712] Optimization is not feasible on net req_OBUF[2] due to MARK_DEBUG attribute.
INFO: [Physopt 32-712] Optimization is not feasible on net req_OBUF[2] due to MARK_DEBUG attribute.
INFO: [Physopt 32-702] Processed net req_OBUF[2]. Optimizations did not improve timing on the net.
INFO: [Physopt 32-702] Processed net clk_IBUF. Optimizations did not improve timing on the net.
INFO: [Physopt 32-702] Processed net clk. Optimizations did not improve timing on the net.
INFO: [Physopt 32-662] Processed net req_OBUF[2].  Did not re-place instance req_reg[2]
INFO: [Physopt 32-702] Processed net req_OBUF[2]. Optimizations did not improve timing on the net.
INFO: [Physopt 32-702] Processed net clk_IBUF. Optimizations did not improve timing on the net.
INFO: [Physopt 32-702] Processed net clk. Optimizations did not improve timing on the net.
INFO: [Physopt 32-619] Estimated Timing Summary | WNS=-0.040 | TNS=-0.076 |
Phase 3 Critical Path Optimization | Checksum: 1a90ff647

Time (s): cpu = 00:00:03 ; elapsed = 00:00:02 . Memory (MB): peak = 1556.266 ; gain = 0.000
Netlist sorting complete. Time (s): cpu = 00:00:00 ; elapsed = 00:00:00.001 . Memory (MB): peak = 1556.266 ; gain = 0.000
INFO: [Physopt 32-603] Post Physical Optimization Timing Summary | WNS=-0.040 | TNS=-0.076 |

Summary of Physical Synthesis Optimizations
============================================


-------------------------------------------------------------------------------------------------------------------------------------------------------------
|  Optimization   |  WNS Gain (ns)  |  TNS Gain (ns)  |  Added Cells  |  Removed Cells  |  Optimized Cells/Nets  |  Dont Touch  |  Iterations  |  Elapsed   |
-------------------------------------------------------------------------------------------------------------------------------------------------------------
|  DSP Register   |          0.000  |          0.000  |            0  |              0  |                     0  |           0  |           1  |  00:00:00  |
|  Critical Path  |          0.000  |          0.000  |            0  |              0  |                     0  |           0  |           1  |  00:00:01  |
|  Total          |          0.000  |          0.000  |            0  |              0  |                     0  |           0  |           2  |  00:00:01  |
-------------------------------------------------------------------------------------------------------------------------------------------------------------


Netlist sorting complete. Time (s): cpu = 00:00:00 ; elapsed = 00:00:00.001 . Memory (MB): peak = 1556.266 ; gain = 0.000
Ending Physical Synthesis Task | Checksum: 1ef84bf75

Time (s): cpu = 00:00:03 ; elapsed = 00:00:02 . Memory (MB): peak = 1556.266 ; gain = 0.000
INFO: [Common 17-83] Releasing license: Implementation
100 Infos, 0 Warnings, 0 Critical Warnings and 0 Errors encountered.
phys_opt_design completed successfully
INFO: [Timing 38-480] Writing timing data to binary archive.
Writing placer database...
Writing XDEF routing.
Writing XDEF routing logical nets.
Writing XDEF routing special nets.
Write XDEF Complete: Time (s): cpu = 00:00:01 ; elapsed = 00:00:00.102 . Memory (MB): peak = 1574.160 ; gain = 17.895
INFO: [Common 17-1381] The checkpoint 'D:/HDL/CrossbarSwitch_dim4/CrossbarSwitch_dim4.runs/impl_1/stimulus_for_Crossbar4_physopt.dcp' has been generated.
Command: route_design
Attempting to get a license for feature 'Implementation' and/or device 'xc7a35ti'
INFO: [Common 17-349] Got license for feature 'Implementation' and/or device 'xc7a35ti'
Running DRC as a precondition to command route_design
INFO: [DRC 23-27] Running DRC with 2 threads
INFO: [Vivado_Tcl 4-198] DRC finished with 0 Errors
INFO: [Vivado_Tcl 4-199] Please refer to the DRC report (report_drc) for more information.


Starting Routing Task
INFO: [Route 35-254] Multithreading enabled for route_design using a maximum of 2 CPUs
Checksum: PlaceDB: 73e661bc ConstDB: 0 ShapeSum: c13a7cce RouteDB: 0

Phase 1 Build RT Design
Phase 1 Build RT Design | Checksum: 1145cff6d

Time (s): cpu = 00:00:24 ; elapsed = 00:00:20 . Memory (MB): peak = 1659.336 ; gain = 73.160
Post Restoration Checksum: NetGraph: c0ec66e0 NumContArr: 5370988d Constraints: 0 Timing: 0

Phase 2 Router Initialization

Phase 2.1 Create Timer
Phase 2.1 Create Timer | Checksum: 1145cff6d

Time (s): cpu = 00:00:24 ; elapsed = 00:00:20 . Memory (MB): peak = 1659.336 ; gain = 73.160

Phase 2.2 Fix Topology Constraints
Phase 2.2 Fix Topology Constraints | Checksum: 1145cff6d

Time (s): cpu = 00:00:24 ; elapsed = 00:00:20 . Memory (MB): peak = 1665.371 ; gain = 79.195

Phase 2.3 Pre Route Cleanup
Phase 2.3 Pre Route Cleanup | Checksum: 1145cff6d

Time (s): cpu = 00:00:24 ; elapsed = 00:00:20 . Memory (MB): peak = 1665.371 ; gain = 79.195
 Number of Nodes with overlaps = 0

Phase 2.4 Update Timing
Phase 2.4 Update Timing | Checksum: 1dd630743

Time (s): cpu = 00:00:24 ; elapsed = 00:00:20 . Memory (MB): peak = 1671.828 ; gain = 85.652
INFO: [Route 35-416] Intermediate Timing Summary | WNS=0.028  | TNS=0.000  | WHS=-0.146 | THS=-9.105 |

Phase 2 Router Initialization | Checksum: 23a25dc7a

Time (s): cpu = 00:00:24 ; elapsed = 00:00:20 . Memory (MB): peak = 1671.828 ; gain = 85.652

Router Utilization Summary
  Global Vertical Routing Utilization    = 0 %
  Global Horizontal Routing Utilization  = 0 %
  Routable Net Status*
  *Does not include unroutable nets such as driverless and loadless.
  Run report_route_status for detailed report.
  Number of Failed Nets               = 434
    (Failed Nets is the sum of unrouted and partially routed nets)
  Number of Unrouted Nets             = 434
  Number of Partially Routed Nets     = 0
  Number of Node Overlaps             = 0


Phase 3 Initial Routing
Phase 3 Initial Routing | Checksum: 18b132fc4

Time (s): cpu = 00:00:24 ; elapsed = 00:00:21 . Memory (MB): peak = 1671.828 ; gain = 85.652

Phase 4 Rip-up And Reroute

Phase 4.1 Global Iteration 0
 Number of Nodes with overlaps = 73
 Number of Nodes with overlaps = 0
INFO: [Route 35-416] Intermediate Timing Summary | WNS=0.001  | TNS=0.000  | WHS=N/A    | THS=N/A    |

Phase 4.1 Global Iteration 0 | Checksum: 121532380

Time (s): cpu = 00:00:25 ; elapsed = 00:00:21 . Memory (MB): peak = 1671.828 ; gain = 85.652
Phase 4 Rip-up And Reroute | Checksum: 121532380

Time (s): cpu = 00:00:25 ; elapsed = 00:00:21 . Memory (MB): peak = 1671.828 ; gain = 85.652

Phase 5 Delay and Skew Optimization

Phase 5.1 Delay CleanUp

Phase 5.1.1 Update Timing
Phase 5.1.1 Update Timing | Checksum: 13f19077e

Time (s): cpu = 00:00:25 ; elapsed = 00:00:21 . Memory (MB): peak = 1671.828 ; gain = 85.652
INFO: [Route 35-416] Intermediate Timing Summary | WNS=0.001  | TNS=0.000  | WHS=N/A    | THS=N/A    |

Phase 5.1 Delay CleanUp | Checksum: 13f19077e

Time (s): cpu = 00:00:25 ; elapsed = 00:00:21 . Memory (MB): peak = 1671.828 ; gain = 85.652

Phase 5.2 Clock Skew Optimization
Phase 5.2 Clock Skew Optimization | Checksum: 13f19077e

Time (s): cpu = 00:00:25 ; elapsed = 00:00:21 . Memory (MB): peak = 1671.828 ; gain = 85.652
Phase 5 Delay and Skew Optimization | Checksum: 13f19077e

Time (s): cpu = 00:00:25 ; elapsed = 00:00:21 . Memory (MB): peak = 1671.828 ; gain = 85.652

Phase 6 Post Hold Fix

Phase 6.1 Hold Fix Iter

Phase 6.1.1 Update Timing
Phase 6.1.1 Update Timing | Checksum: 18f3ba6ea

Time (s): cpu = 00:00:25 ; elapsed = 00:00:21 . Memory (MB): peak = 1671.828 ; gain = 85.652
INFO: [Route 35-416] Intermediate Timing Summary | WNS=0.001  | TNS=0.000  | WHS=0.152  | THS=0.000  |

Phase 6.1 Hold Fix Iter | Checksum: 18f3ba6ea

Time (s): cpu = 00:00:25 ; elapsed = 00:00:21 . Memory (MB): peak = 1671.828 ; gain = 85.652
Phase 6 Post Hold Fix | Checksum: 18f3ba6ea

Time (s): cpu = 00:00:25 ; elapsed = 00:00:21 . Memory (MB): peak = 1671.828 ; gain = 85.652

Phase 7 Route finalize

Router Utilization Summary
  Global Vertical Routing Utilization    = 0.0893726 %
  Global Horizontal Routing Utilization  = 0.110229 %
  Routable Net Status*
  *Does not include unroutable nets such as driverless and loadless.
  Run report_route_status for detailed report.
  Number of Failed Nets               = 0
    (Failed Nets is the sum of unrouted and partially routed nets)
  Number of Unrouted Nets             = 0
  Number of Partially Routed Nets     = 0
  Number of Node Overlaps             = 0

Phase 7 Route finalize | Checksum: dcbe5653

Time (s): cpu = 00:00:25 ; elapsed = 00:00:21 . Memory (MB): peak = 1671.828 ; gain = 85.652

Phase 8 Verifying routed nets

 Verification completed successfully
Phase 8 Verifying routed nets | Checksum: dcbe5653

Time (s): cpu = 00:00:25 ; elapsed = 00:00:21 . Memory (MB): peak = 1673.043 ; gain = 86.867

Phase 9 Depositing Routes
Phase 9 Depositing Routes | Checksum: 131326d59

Time (s): cpu = 00:00:25 ; elapsed = 00:00:21 . Memory (MB): peak = 1673.043 ; gain = 86.867

Phase 10 Post Router Timing
INFO: [Route 35-57] Estimated Timing Summary | WNS=0.001  | TNS=0.000  | WHS=0.152  | THS=0.000  |

INFO: [Route 35-327] The final timing numbers are based on the router estimated timing analysis. For a complete and accurate timing signoff, please run report_timing_summary.
Phase 10 Post Router Timing | Checksum: 131326d59

Time (s): cpu = 00:00:25 ; elapsed = 00:00:21 . Memory (MB): peak = 1673.043 ; gain = 86.867
INFO: [Route 35-16] Router Completed Successfully

Time (s): cpu = 00:00:25 ; elapsed = 00:00:21 . Memory (MB): peak = 1673.043 ; gain = 86.867

Routing Is Done.
INFO: [Common 17-83] Releasing license: Implementation
115 Infos, 0 Warnings, 0 Critical Warnings and 0 Errors encountered.
route_design completed successfully
route_design: Time (s): cpu = 00:00:26 ; elapsed = 00:00:22 . Memory (MB): peak = 1673.043 ; gain = 98.883
INFO: [Timing 38-480] Writing timing data to binary archive.
Writing placer database...
Writing XDEF routing.
Writing XDEF routing logical nets.
Writing XDEF routing special nets.
Write XDEF Complete: Time (s): cpu = 00:00:00 ; elapsed = 00:00:00.102 . Memory (MB): peak = 1682.957 ; gain = 9.914
INFO: [Common 17-1381] The checkpoint 'D:/HDL/CrossbarSwitch_dim4/CrossbarSwitch_dim4.runs/impl_1/stimulus_for_Crossbar4_routed.dcp' has been generated.
INFO: [runtcl-4] Executing : report_drc -file stimulus_for_Crossbar4_drc_routed.rpt -pb stimulus_for_Crossbar4_drc_routed.pb -rpx stimulus_for_Crossbar4_drc_routed.rpx
Command: report_drc -file stimulus_for_Crossbar4_drc_routed.rpt -pb stimulus_for_Crossbar4_drc_routed.pb -rpx stimulus_for_Crossbar4_drc_routed.rpx
INFO: [IP_Flow 19-1839] IP Catalog is up to date.
INFO: [DRC 23-27] Running DRC with 2 threads
INFO: [Coretcl 2-168] The results of DRC are in file D:/HDL/CrossbarSwitch_dim4/CrossbarSwitch_dim4.runs/impl_1/stimulus_for_Crossbar4_drc_routed.rpt.
report_drc completed successfully
INFO: [runtcl-4] Executing : report_methodology -file stimulus_for_Crossbar4_methodology_drc_routed.rpt -pb stimulus_for_Crossbar4_methodology_drc_routed.pb -rpx stimulus_for_Crossbar4_methodology_drc_routed.rpx
Command: report_methodology -file stimulus_for_Crossbar4_methodology_drc_routed.rpt -pb stimulus_for_Crossbar4_methodology_drc_routed.pb -rpx stimulus_for_Crossbar4_methodology_drc_routed.rpx
INFO: [Timing 38-35] Done setting XDC timing constraints.
INFO: [DRC 23-133] Running Methodology with 2 threads
INFO: [Coretcl 2-1520] The results of Report Methodology are in file D:/HDL/CrossbarSwitch_dim4/CrossbarSwitch_dim4.runs/impl_1/stimulus_for_Crossbar4_methodology_drc_routed.rpt.
report_methodology completed successfully
INFO: [runtcl-4] Executing : report_power -file stimulus_for_Crossbar4_power_routed.rpt -pb stimulus_for_Crossbar4_power_summary_routed.pb -rpx stimulus_for_Crossbar4_power_routed.rpx
Command: report_power -file stimulus_for_Crossbar4_power_routed.rpt -pb stimulus_for_Crossbar4_power_summary_routed.pb -rpx stimulus_for_Crossbar4_power_routed.rpx
INFO: [Timing 38-35] Done setting XDC timing constraints.
Running Vector-less Activity Propagation...

Finished Running Vector-less Activity Propagation
127 Infos, 0 Warnings, 0 Critical Warnings and 0 Errors encountered.
report_power completed successfully
INFO: [runtcl-4] Executing : report_route_status -file stimulus_for_Crossbar4_route_status.rpt -pb stimulus_for_Crossbar4_route_status.pb
INFO: [runtcl-4] Executing : report_timing_summary -max_paths 10 -file stimulus_for_Crossbar4_timing_summary_routed.rpt -pb stimulus_for_Crossbar4_timing_summary_routed.pb -rpx stimulus_for_Crossbar4_timing_summary_routed.rpx -warn_on_violation 
INFO: [Timing 38-91] UpdateTimingParams: Speed grade: -1L, Delay Type: min_max.
INFO: [Timing 38-191] Multithreading enabled for timing update using a maximum of 2 CPUs
INFO: [runtcl-4] Executing : report_incremental_reuse -file stimulus_for_Crossbar4_incremental_reuse_routed.rpt
INFO: [Vivado_Tcl 4-1062] Incremental flow is disabled. No incremental reuse Info to report.
INFO: [runtcl-4] Executing : report_clock_utilization -file stimulus_for_Crossbar4_clock_utilization_routed.rpt
INFO: [runtcl-4] Executing : report_bus_skew -warn_on_violation -file stimulus_for_Crossbar4_bus_skew_routed.rpt -pb stimulus_for_Crossbar4_bus_skew_routed.pb -rpx stimulus_for_Crossbar4_bus_skew_routed.rpx
INFO: [Timing 38-91] UpdateTimingParams: Speed grade: -1L, Delay Type: min_max.
INFO: [Timing 38-191] Multithreading enabled for timing update using a maximum of 2 CPUs
INFO: [Common 17-206] Exiting Vivado at Mon Jul 12 18:58:01 2021...
